Using pre-set license
Built from '2020.3/release' branch; Version is '2020.3.1f1 (77a89f25062f) revision 7841951'; Using compiler version '192528614'; Build Type 'Release'
OS: 'Windows 10 Home; OS build 22000.556; Version 2009; 64bit' Language: 'en' Physical Memory: 16295 MB
BatchMode: 1, IsHumanControllingUs: 0, StartBugReporterOnCrash: 0, Is64bit: 1, IsPro: 0

 COMMAND LINE ARGUMENTS:
C:\Program Files\Unity\Hub\Editor\2020.3.1f1\Editor\Unity.exe
-adb2
-batchMode
-noUpm
-name
AssetImportWorker0
-projectPath
D:/UNITY/Github/VR-Kitchen-Unity
-logFile
Logs/AssetImportWorker0.log
-srvPort
60499
Successfully changed project path to: D:/UNITY/Github/VR-Kitchen-Unity
D:/UNITY/Github/VR-Kitchen-Unity
Using Asset Import Pipeline V2.
Refreshing native plugins compatible for Editor in 145.84 ms, found 18 plugins.
Preloading 2 native plugins for Editor in 3.99 ms.
Initialize engine version: 2020.3.1f1 (77a89f25062f)
[Subsystems] Discovering subsystems at path C:/Program Files/Unity/Hub/Editor/2020.3.1f1/Editor/Data/Resources/UnitySubsystems
[Subsystems] Discovering subsystems at path D:/UNITY/Github/VR-Kitchen-Unity/Assets
GfxDevice: creating device client; threaded=0
Direct3D:
    Version:  Direct3D 11.0 [level 11.1]
    Renderer: NVIDIA GeForce RTX 3060 Ti (ID=0x2486)
    Vendor:   
    VRAM:     8050 MB
    Driver:   30.0.14.7208
Shader 'Universal Render Pipeline/Particles/Lit': fallback shader 'Universal Render Pipeline/Particles/SimpleLit' not found
Shader 'Oculus/OVRMRCameraFrameLit': fallback shader 'Alpha-Diffuse' not found
Initialize mono
Mono path[0] = 'C:/Program Files/Unity/Hub/Editor/2020.3.1f1/Editor/Data/Managed'
Mono path[1] = 'C:/Program Files/Unity/Hub/Editor/2020.3.1f1/Editor/Data/MonoBleedingEdge/lib/mono/unityjit'
Mono config path = 'C:/Program Files/Unity/Hub/Editor/2020.3.1f1/Editor/Data/MonoBleedingEdge/etc'
Using monoOptions --debugger-agent=transport=dt_socket,embedding=1,server=y,suspend=n,address=127.0.0.1:56040
Begin MonoManager ReloadAssembly
Registering precompiled unity dll's ...
Register platform support module: C:/Program Files/Unity/Hub/Editor/2020.3.1f1/Editor/Data/PlaybackEngines/WebGLSupport/UnityEditor.WebGL.Extensions.dll
Register platform support module: C:/Program Files/Unity/Hub/Editor/2020.3.1f1/Editor/Data/PlaybackEngines/WindowsStandaloneSupport/UnityEditor.WindowsStandalone.Extensions.dll
Registered in 0.002749 seconds.
Native extension for WindowsStandalone target not found
Native extension for WebGL target not found
Refreshing native plugins compatible for Editor in 109.98 ms, found 18 plugins.
Preloading 2 native plugins for Editor in 0.07 ms.
Invoked RoslynAnalysisRunner static constructor.
RoslynAnalysisRunner will not be running.
RoslynAnalysisRunner has terminated.
Mono: successfully reloaded assembly
- Completed reload, in  2.488 seconds
Platform modules already initialized, skipping
Registering precompiled user dll's ...
Registered in 0.018107 seconds.
Begin MonoManager ReloadAssembly
Native extension for WindowsStandalone target not found
Native extension for WebGL target not found
Refreshing native plugins compatible for Editor in 115.21 ms, found 18 plugins.
Preloading 2 native plugins for Editor in 0.07 ms.
Can't find custom attr constructor image: D:\UNITY\Github\VR-Kitchen-Unity\Library\PackageCache\com.unity.ads@3.4.5\Editor\UnityEditor.Advertisements.dll mtoken: 0x0a00000f due to:  assembly:C:\Program Files\Unity\Hub\Editor\2020.3.1f1\Editor\Data\Managed\UnityEngine\UnityEngine.CoreModule.dll type:UnityAPICompatibilityVersionAttribute member:void {0}(string,string[]) signature:.ctor
Invoked RoslynAnalysisRunner static constructor.
RoslynAnalysisRunner will not be running.
RoslynAnalysisRunner has terminated.
Refreshing native plugins compatible for Editor in 1.72 ms, found 18 plugins.
[XR] OculusXRPlugin: registering subsystems
[XR] Unable to register display lifecyle provider: [1]
[XR] Oculus Input lifecycle provider registered.
[XR] Unable to register input lifecyle provider: [1]
[XR] OVRP version 1.59.0
Mono: successfully reloaded assembly
- Completed reload, in  1.265 seconds
Platform modules already initialized, skipping
========================================================================
Worker process is ready to serve import requests
Shader 'Oculus/OVRMRCameraFrameLit': fallback shader 'Alpha-Diffuse' not found
Shader 'Universal Render Pipeline/Particles/Lit': fallback shader 'Universal Render Pipeline/Particles/SimpleLit' not found
Launched and connected shader compiler UnityShaderCompiler.exe after 0.07 seconds
Refreshing native plugins compatible for Editor in 1.86 ms, found 18 plugins.
Preloading 2 native plugins for Editor in 0.07 ms.
Unloading 4481 Unused Serialized files (Serialized files now loaded: 0)
System memory in use before: 202.8 MB.
System memory in use after: 202.9 MB.

Unloading 87 unused Assets to reduce memory usage. Loaded Objects now: 4885.
Total: 3.183000 ms (FindLiveObjects: 0.650000 ms CreateObjectMapping: 0.250800 ms MarkObjects: 2.195900 ms  DeleteObjects: 0.085500 ms)

========================================================================
Received Import Request.
  path: Assets/Scenes/VR Kitchen_Scene_1_Starters.unity
  artifactKey: Guid(4fa2db6b675df5949954a81ac7c544d3) Importer(815301076,1909f56bfc062723c751e8b465ee728b)
Start importing Assets/Scenes/VR Kitchen_Scene_1_Starters.unity using Guid(4fa2db6b675df5949954a81ac7c544d3) Importer(815301076,1909f56bfc062723c751e8b465ee728b)  -> (artifact id: '9c2f083ff296719e8c2c28bb0e4f1a12') in 0.028160 seconds
  Import took 0.057109 seconds .

========================================================================
Received Import Request.
  Time since last request: 258.442475 seconds.
  path: Assets/Scenes/VR Kitchen_Scene_1_Starters.unity
  artifactKey: Guid(4fa2db6b675df5949954a81ac7c544d3) Importer(815301076,1909f56bfc062723c751e8b465ee728b)
Start importing Assets/Scenes/VR Kitchen_Scene_1_Starters.unity using Guid(4fa2db6b675df5949954a81ac7c544d3) Importer(815301076,1909f56bfc062723c751e8b465ee728b)  -> (artifact id: 'f4955cf510382ebe4ecbf46d2e94313a') in 0.002795 seconds
  Import took 0.039065 seconds .

AssetImportWorkerClient::OnTransportError - code=2 error=End of file
